app/build/outputs/logs/manifest-merger-debug-report.txt
-- Merging decision tree log ---
manifest
ADDED from src/main/AndroidManifest.xml:21:1-124:12
	package
		ADDED from src/main/AndroidManifest.xml:22:5-36
		INJECTED from src/main/AndroidManifest.xml
		INJECTED from src/main/AndroidManifest.xml
	android:versionName
		INJECTED from src/main/AndroidManifest.xml
		INJECTED from src/main/AndroidManifest.xml
	xmlns:android
		ADDED from src/main/AndroidManifest.xml:21:11-69
	android:versionCode
		INJECTED from src/main/AndroidManifest.xml
		INJECTED from src/main/AndroidManifest.xml
	android:installLocation
		ADDED from src/main/AndroidManifest.xml:23:5-35
uses-permission#android.permission.WRITE_EXTERNAL_STORAGE
ADDED from src/main/AndroidManifest.xml:25:5-81
	android:name
		ADDED from src/main/AndroidManifest.xml:25:22-78
uses-permission#android.permission.INTERNET
ADDED from src/main/AndroidManifest.xml:26:5-67
MERGED from [com.crashlytics.sdk.android:crashlytics:2.6.6] AndroidManifest.xml:9:5-67
MERGED from [com.crashlytics.sdk.android:beta:1.2.3] AndroidManifest.xml:9:5-67
MERGED from [com.crashlytics.sdk.android:crashlytics-core:2.3.15] AndroidManifest.xml:52:5-67
MERGED from [com.crashlytics.sdk.android:answers:1.3.11] AndroidManifest.xml:9:5-67
MERGED from [io.fabric.sdk.android:fabric:1.3.15] AndroidManifest.xml:29:5-67
	android:name
		ADDED from src/main/AndroidManifest.xml:26:22-64
uses-permission#android.permission.ACCESS_NETWORK_STATE
ADDED from src/main/AndroidManifest.xml:27:5-79
	android:name
		ADDED from src/main/AndroidManifest.xml:27:22-76
supports-screens
ADDED from src/main/AndroidManifest.xml:29:5-35:40
	android:largeScreens
		ADDED from src/main/AndroidManifest.xml:31:9-36
	android:smallScreens
		ADDED from src/main/AndroidManifest.xml:34:9-36
	android:normalScreens
		ADDED from src/main/AndroidManifest.xml:32:9-37
	android:xlargeScreens
		ADDED from src/main/AndroidManifest.xml:35:9-37
	android:resizeable
		ADDED from src/main/AndroidManifest.xml:33:9-34
	android:anyDensity
		ADDED from src/main/AndroidManifest.xml:30:9-34
application
ADDED from src/main/AndroidManifest.xml:37:5-122:19
MERGED from [turbo-editor.libraries:FloatingActionButton:unspecified] AndroidManifest.xml:11:5-12:19
MERGED from [com.android.support:appcompat-v7:22.2.1] AndroidManifest.xml:22:5-20
MERGED from [com.github.gabrielemariotti.changeloglib:library:1.5.2] AndroidManifest.xml:11:5-12:19
MERGED from [com.google.firebase:firebase-common:10.0.1] AndroidManifest.xml:4:5-7:19
MERGED from [com.google.android.gms:play-services-tasks:10.0.1] AndroidManifest.xml:4:5-19
MERGED from [com.google.android.gms:play-services-basement:10.0.1] AndroidManifest.xml:19:5-21:19
MERGED from [com.android.support:support-v4:25.1.0] AndroidManifest.xml:25:5-20
MERGED from [com.android.support:support-fragment:25.1.0] AndroidManifest.xml:25:5-20
MERGED from [com.android.support:support-media-compat:25.1.0] AndroidManifest.xml:25:5-20
MERGED from [com.android.support:support-core-ui:25.1.0] AndroidManifest.xml:25:5-20
MERGED from [com.android.support:support-core-utils:25.1.0] AndroidManifest.xml:25:5-20
MERGED from [com.android.support:support-compat:25.1.0] AndroidManifest.xml:25:5-20
MERGED from [com.crashlytics.sdk.android:crashlytics:2.6.6] AndroidManifest.xml:11:5-20
MERGED from [com.crashlytics.sdk.android:beta:1.2.3] AndroidManifest.xml:11:5-20
MERGED from [com.crashlytics.sdk.android:crashlytics-core:2.3.15] AndroidManifest.xml:54:5-20
MERGED from [com.crashlytics.sdk.android:answers:1.3.11] AndroidManifest.xml:11:5-20
MERGED from [io.fabric.sdk.android:fabric:1.3.15] AndroidManifest.xml:31:5-20
	android:label
		ADDED from src/main/AndroidManifest.xml:40:9-54
	android:supportsRtl
		ADDED from src/main/AndroidManifest.xml:43:9-35
	android:hardwareAccelerated
		ADDED from src/main/AndroidManifest.xml:41:9-43
	android:allowBackup
		ADDED from src/main/AndroidManifest.xml:38:9-35
	android:icon
		ADDED from src/main/AndroidManifest.xml:39:9-45
	android:largeHeap
		ADDED from src/main/AndroidManifest.xml:42:9-33
	android:name
		ADDED from src/main/AndroidManifest.xml:44:9-64
activity#com.maskyn.fileeditor.HomeActivity
ADDED from src/main/AndroidManifest.xml:51:9-91:20
	android:launchMode
		ADDED from src/main/AndroidManifest.xml:54:13-43
	android:windowSoftInputMode
		ADDED from src/main/AndroidManifest.xml:55:13-72
	android:configChanges
		ADDED from src/main/AndroidManifest.xml:53:13-170
	android:theme
		ADDED from src/main/AndroidManifest.xml:56:13-54
	android:name
		ADDED from src/main/AndroidManifest.xml:52:13-41
intent-filter#android.intent.action.MAIN+android.intent.category.LAUNCHER+android.intent.category.MULTIWINDOW_LAUNCHER
ADDED from src/main/AndroidManifest.xml:57:13-62:29
action#android.intent.action.MAIN
ADDED from src/main/AndroidManifest.xml:58:17-69
	android:name
		ADDED from src/main/AndroidManifest.xml:58:25-66
category#android.intent.category.LAUNCHER
ADDED from src/main/AndroidManifest.xml:60:17-77
	android:name
		ADDED from src/main/AndroidManifest.xml:60:27-74
category#android.intent.category.MULTIWINDOW_LAUNCHER
ADDED from src/main/AndroidManifest.xml:61:17-89
	android:name
		ADDED from src/main/AndroidManifest.xml:61:27-86
intent-filter#android.intent.action.VIEW+android.intent.category.BROWSABLE+android.intent.category.DEFAULT
ADDED from src/main/AndroidManifest.xml:63:13-79:29
action#android.intent.action.VIEW
ADDED from src/main/AndroidManifest.xml:64:17-69
	android:name
		ADDED from src/main/AndroidManifest.xml:64:25-66
category#android.intent.category.DEFAULT
ADDED from src/main/AndroidManifest.xml:66:17-76
	android:name
		ADDED from src/main/AndroidManifest.xml:66:27-73
category#android.intent.category.BROWSABLE
ADDED from src/main/AndroidManifest.xml:67:17-78
	android:name
		ADDED from src/main/AndroidManifest.xml:67:27-75
data
ADDED from src/main/AndroidManifest.xml:69:17-47
	android:scheme
		ADDED from src/main/AndroidManifest.xml:69:23-44
intent-filter#android.intent.action.VIEW+android.intent.category.DEFAULT
ADDED from src/main/AndroidManifest.xml:80:13-85:29
intent-filter#android.intent.action.SEND+android.intent.category.DEFAULT
ADDED from src/main/AndroidManifest.xml:86:13-90:29
action#android.intent.action.SEND
ADDED from src/main/AndroidManifest.xml:87:17-69
	android:name
		ADDED from src/main/AndroidManifest.xml:87:25-66
activity#sharedcode.turboeditor.activity.SelectFileActivity
ADDED from src/main/AndroidManifest.xml:92:9-101:20
	android:label
		ADDED from src/main/AndroidManifest.xml:95:13-48
	android:parentActivityName
		ADDED from src/main/AndroidManifest.xml:96:13-55
	android:configChanges
		ADDED from src/main/AndroidManifest.xml:94:13-74
	android:theme
		ADDED from src/main/AndroidManifest.xml:97:13-53
	android:name
		ADDED from src/main/AndroidManifest.xml:93:13-78
meta-data#android.support.PARENT_ACTIVITY
ADDED from src/main/AndroidManifest.xml:98:9-100:45
	android:value
		ADDED from src/main/AndroidManifest.xml:100:13-42
	android:name
		ADDED from src/main/AndroidManifest.xml:99:13-59
meta-data#com.sec.android.support.multiwindow
ADDED from src/main/AndroidManifest.xml:102:9-104:36
	android:value
		ADDED from src/main/AndroidManifest.xml:104:13-33
	android:name
		ADDED from src/main/AndroidManifest.xml:103:13-63
meta-data#com.sec.android.multiwindow.DEFAULT_SIZE_W
ADDED from src/main/AndroidManifest.xml:105:9-107:40
	android:value
		ADDED from src/main/AndroidManifest.xml:107:13-37
	android:name
		ADDED from src/main/AndroidManifest.xml:106:13-70
meta-data#com.sec.android.multiwindow.DEFAULT_SIZE_H
ADDED from src/main/AndroidManifest.xml:108:9-110:40
	android:value
		ADDED from src/main/AndroidManifest.xml:110:13-37
	android:name
		ADDED from src/main/AndroidManifest.xml:109:13-70
meta-data#com.sec.android.multiwindow.MINIMUM_SIZE_W
ADDED from src/main/AndroidManifest.xml:111:9-113:40
	android:value
		ADDED from src/main/AndroidManifest.xml:113:13-37
	android:name
		ADDED from src/main/AndroidManifest.xml:112:13-70
meta-data#com.sec.android.multiwindow.MINIMUM_SIZE_H
ADDED from src/main/AndroidManifest.xml:114:9-116:40
	android:value
		ADDED from src/main/AndroidManifest.xml:116:13-37
	android:name
		ADDED from src/main/AndroidManifest.xml:115:13-70
activity#sharedcode.turboeditor.activity.MarkdownActivity
ADDED from src/main/AndroidManifest.xml:118:9-85
	android:name
		ADDED from src/main/AndroidManifest.xml:118:19-82
meta-data#com.crashlytics.ApiKey
ADDED from src/main/AndroidManifest.xml:121:9-116
	android:value
		ADDED from src/main/AndroidManifest.xml:121:58-114
	android:name
		ADDED from src/main/AndroidManifest.xml:121:20-57
uses-sdk
INJECTED from src/main/AndroidManifest.xml reason: use-sdk injection requested
MERGED from [turbo-editor.libraries:sharedCode:unspecified] AndroidManifest.xml:25:5-27:41
MERGED from [turbo-editor.libraries:FloatingActionButton:unspecified] AndroidManifest.xml:7:5-9:41
MERGED from [com.android.support:appcompat-v7:22.2.1] AndroidManifest.xml:20:5-43
MERGED from [com.github.gabrielemariotti.changeloglib:library:1.5.2] AndroidManifest.xml:7:5-9:41
MERGED from [com.google.firebase:firebase-database:10.0.1] AndroidManifest.xml:3:5-42
MERGED from [com.google.firebase:firebase-database-connection:10.0.1] AndroidManifest.xml:3:5-42
MERGED from [com.google.firebase:firebase-common:10.0.1] AndroidManifest.xml:3:5-42
MERGED from [com.google.android.gms:play-services-tasks:10.0.1] AndroidManifest.xml:3:5-42
MERGED from [com.google.android.gms:play-services-basement:10.0.1] AndroidManifest.xml:17:5-42
MERGED from [com.android.support:support-v4:25.1.0] AndroidManifest.xml:21:5-23:54
MERGED from [com.android.support:support-fragment:25.1.0] AndroidManifest.xml:21:5-23:60
MERGED from [com.android.support:support-media-compat:25.1.0] AndroidManifest.xml:21:5-23:63
MERGED from [com.android.support:support-core-ui:25.1.0] AndroidManifest.xml:21:5-23:58
MERGED from [com.android.support:support-core-utils:25.1.0] AndroidManifest.xml:21:5-23:61
MERGED from [com.android.support:support-compat:25.1.0] AndroidManifest.xml:21:5-23:58
MERGED from [com.crashlytics.sdk.android:crashlytics:2.6.6] AndroidManifest.xml:7:5-43
MERGED from [com.crashlytics.sdk.android:beta:1.2.3] AndroidManifest.xml:7:5-43
MERGED from [com.crashlytics.sdk.android:crashlytics-core:2.3.15] AndroidManifest.xml:50:5-43
MERGED from [com.crashlytics.sdk.android:answers:1.3.11] AndroidManifest.xml:7:5-43
MERGED from [io.fabric.sdk.android:fabric:1.3.15] AndroidManifest.xml:27:5-43
	tools:overrideLibrary
		ADDED from [com.android.support:support-v4:25.1.0] AndroidManifest.xml:23:9-51
	android:targetSdkVersion
		INJECTED from src/main/AndroidManifest.xml
		INJECTED from src/main/AndroidManifest.xml
	android:minSdkVersion
		INJECTED from src/main/AndroidManifest.xml
		INJECTED from src/main/AndroidManifest.xml
provider#com.google.firebase.provider.FirebaseInitProvider
ADDED from [com.google.firebase:firebase-common:10.0.1] AndroidManifest.xml:6:9-194
	android:authorities
		ADDED from [com.google.firebase:firebase-common:10.0.1] AndroidManifest.xml:6:19-78
	android:exported
		ADDED from [com.google.firebase:firebase-common:10.0.1] AndroidManifest.xml:6:144-168
	android:initOrder
		ADDED from [com.google.firebase:firebase-common:10.0.1] AndroidManifest.xml:6:169-192
	android:name
		ADDED from [com.google.firebase:firebase-common:10.0.1] AndroidManifest.xml:6:79-143
meta-data#com.google.android.gms.version
ADDED from [com.google.android.gms:play-services-basement:10.0.1] AndroidManifest.xml:20:9-121
	android:value
		ADDED from [com.google.android.gms:play-services-basement:10.0.1] AndroidManifest.xml:20:66-119
	android:name
		ADDED from [com.google.android.gms:play-services-basement:10.0.1] AndroidManifest.xml:20:20-65